ABbUBA
ACT90oGqaFdcx3wCX2Bn9xbohFVLDYGPuw
ActiveXObject
All=function
Attribute
BB6epmCSdPSaXhkFQ
Ca href
Child
Content-Type
CSS1Compat
Czy chodzi
DumpException
EHistorii online
EI=function
Element
ElementById
ElementById)if
Error
Ffpdje
F_installCss
Gmail
Google
Google.pl
Google\x22
Grafika
Height
Height;if
Historia online
Image
Image;var
ISO-8859
JSON.parse
K_D2U-EYAgD6QeH3L80WrLUCPcpJw%3D
LEI=function
Math.random
Microsoft.XMLHTTP
MSXML2.XMLHTTP
Node;return
PL&amp
PL&tab
Prywatno
Qnk92g\x22
R2s0rr4j2nEHU9UGeTr44VJz4\x22
Reklamuj si
Rozwi
RWGcrA\x22
ServiceLogin?hl
Szukaj
Szukanie zaawansowane
Timeout(function
To wyszukiwanie
Twojej
U5B21g\x22
Url=function
Ustawienia
Vopag\x22
VXKw7j3GjFc
Warunki
WebPage
Wiadomo
Width
Wszystko
Wyczy
Wyszukiwanie obrazem
Wyszukiwarka
XeylC4ybkwXD9a_4Cg
XMLHttpRequest
YouTube
Zaloguj si
ZI/YVQ\x22
