About Confluence
Accept all
Accept Invalid CSeq
AccessGrantedEvent,notification
AccessRequestedEvent,previews
ACD Disabled<br
ACD Enabled
Action
Action URI
ActionURL
Action URL
Action URL<br
ActionURL<br
Activate Remote Syslog
Active
Active Ringbacks menu
Active SIP Multicast
Active\u0022
Adaptive Jitter Buffer
AdditionalAttribute
AdditionalAttributeDialable
Address
Adjustment
Advanced Settings
Advisory Tones
Africa/Brazzaville<br
Africa/Cairo<br
Africa/Harare<br
Africa/Nairobi<br
Africa/Windhoek<br
Agent available
Agent un
AJS.BigPipe
AJS.BigPipe.metrics
AJS.params
AJS.toInit
Allow access
Allow fragmentation
Allow HTTP request
Allow Remote Control
AllowRouteHeaders
All services
Always<br
America/Anchorage<br
America/Argentina/Buenos_Aires<br
America/Barbados<br
America/Bogota<br
America/Chicago<br
America/Chihuahua<br
America/Costa_Rica<br
America/Denver<br
America/Godthab<br
America/Halifax<br
America/Los_Angeles<br
America/Manaus<br
America/Mexico_City<br
America/Montevideo<br
America/New_York<br
America/Phoenix<br
America/Regina<br
America/Santiago<br
America/Sao_Paulo<br
America/Tijuana<br
Analog clock
Annex
Anonymous Call Silencing
Application+links
Application+Links+Documentation\u0022
Application+Link\u0022
APPLINKS-053
AppSuggestionAvailable&quot
April
Asia/Almaty<br
Asia/Amman<br
Asia/Baghdad<br
Asia/Baku<br
Asia/Bangkok<br
Asia/Beirut<br
Asia/Dubai<br
Asia/Hong_Kong<br
Asia/Irkutsk<br
Asia/Jerusalem<br
Asia/Karachi<br
Asia/Krasnoyarsk<br
Asia/Kuala_Lumpur<br
Asia/Kuwait<br
Asia/Magadan<br
Asia/Oral<br
Asia/Seoul<br
Asia/Shanghai<br
Asia/Taipei<br
Asia/Tbilisi<br
Asia/Tokyo<br
Asia/Vladivostok<br
Asia/Yakutsk<br
Asia/Yekaterinburg<br
Asia/Yerevan<br
Atlantic/Azores<br
Atlantic/Cape_Verde<br
Atlantic/South_Georgia<br
Atlassian
Atlassian Confluence
Atlassian News
AttachmentBatchUploadCompletedEvent,collaborative
Attention
Audio
Audio.Adjustment.EnableAec
Audio.Adjustment.HandsetFreeMode
Audio.Adjustment.HandsetMode
Audio.Adjustment.HeadsetMode
Audio<br
August
Australia/Brisbane<br
Australia/Hobart<br
Australia/Perth<br
Australia/Sydney<br
Auto<br
AutomatedDaylightSavingDisabled
AutomatedDaylightSavingEnabled
Automatic Broadsoft BLF creation
Automatic Call Distribution
Automatic check
Automatic DTMF transmission
Auto provisioning
Auto+provisioning
Available Gadgets
Available in
Background picture
Bamboo Projects\u0022
Bamboo Project\u0022
Bamboo\u0022
Baremans Eric
BaseDN
Basic
Basic Access\u0022
BasicAuthenticationProvider\u0022
Basic Call log
BAuto%2Bprovisioning
BeepEvery10
BeepEvery20
BeepEvery4
BeforeLicenseExpiry\u0022
BeforeMaintenanceExpiry\u0022
Bellcore
BigPipeEnabled
Black
Black on
BLF key
BlogPostCreateEvent,confluence
BlogPostMovedEvent,clc
BlogPostUpdateEvent,site
Bparameters
Bparameters&amp
Broadsoft
Broadsoft BLF URL
Broadsoft Call Pick up
Broadsoft services
Browse gadgets
Browse pages
Bytes per
Call Divert
Call Divert<span
CallDivertType
Call log
CallPickupCode
Call Settings
Calls.Missed.Notification.Active
Calls.Missed.Subscribe.Active
Call Waiting<br
CameraURL
CDN/en_GB
Change your
Charlies\u0022
Charlie\u0022
CHE,TWN,THA,TUR,ARE,GBR,USA,URY,VEN,VNM
CHN,COL,CRI,HRV,CYP,CZE,DNK,ECU,EGY,EST,FIN,FRA,DEU,GRC,HKG
Classes
Color
CommentCreateEvent,notification
Comment=lt
Comment=lte
CommentUpdateEvent,editor
COMMERCIAL&gt
Company
Complete list
ConfigElement
ConfigElement.getAttribute
Configuration
Configure
Configuring+Basic+HTTP+Authentication+for
Configuring+Trusted+Applications+authentication
Confirmations
Confluence
Confluence documentation
ConfluenceMentionEvent,notification
Confluence Spaces\u0022
Confluence Space\u0022
Confluence-stayintouch
Confluence\u0022
Connection
Connections
Content Tools
Copy Page Tree
Core Dumps
Corporate
CorrelationId
CorsAuthenticationProvider\u0022
CORS\u0022
Country
Created by
Create+links
Create your
Crowd\u0022
Crucible Projects\u0022
Crucible Project\u0022
Crucible\u0022
Current=true
Cut.wav
Date=1456585092000
Date=1507876161000
Date=1561978078000
Date and
Debugging
December
Default
Default<br
Delay
Delete Page Tree
Depth
Description
Desk Phone
Device settings
Device will
DFAQ%2BMaxwell
DHCP option
DHCP Settings
Dial editor
Dialing Plans
Digital clock
Directory
DirectoryName
DisableCode
Disabled
Disabled<br
DisableName
Display
DisplayFormat
DisplayName
Distinctive ringtone
Distinctive ringtones
Disturb
Diversion Info
Diversion Info<br
DOC/Confluence
DOCTYPE html
Do not
Doorstation
Down.wav
DTMF code
DTMFCode
Due to
Dunken
Dunken.wav
Duration
Dynamic
Early attended
Edit space
Egg.wav
ElementById
Email
Email\u0022
Enable
Enable AEC handset
EnableCode
Enabled
Enabled<br
Enable/disable
EnableName
Enable port
EnablePrivateDirectory
Enable proxy
EnableWhiteDirectory
EnableYellowDirectory
Enhanced Call log
Enterprise
Enterprise Common
Enterprise Common Directory
Enterprise Directory
Enterprise Common
Europe/Amsterdam
Europe/Amsterdam<br
Europe/Athens<br
Europe/Belgrade<br
Europe/Brussels<br
Europe/Helsinki<br
Europe/Minsk<br
Europe/Moscow<br
Europe/Sarajevo<br
Europe/Warsaw
Events
Evolve
Example
Expansion module
Expert
Export to
External
FAC<br
FAC then
FAQ Maxwell
Fdisplay%2FGPPPO
Feature code
February
Feed Builder
FF6200
FFAQ%2BMaxwell
FileContentMentionUpdateEvent,notification
FileContentRemoveEvent,confluence
FileContentUpdateEvent,notification
Filename
FirmwareManagment.AutomaticCheckForUpdates
Firmware update
FirstName
FishEye
FishEye Repositories\u0022
FishEye Repository\u0022
Flightzone
Flightzone.wav
FollowEvent,notification
ForgotPasswordEvent,notification
For values
Fpages%2Fviewpage
Friday
FROM<br
From software
FspaceKey%3DGPPPO
Full-path
Function key
Function keys
GB/7202
GE<br
Generic Application\u0022
Generic Projects\u0022
Generic Project\u0022
Get more
Gigaset
Gigaset PRO
Gigaset T640/T440<br
Gigaset.wav
GMT-10
GMT+10
GMT-11
GMT+12
GMT+13
GMT.Africa/Casablanca<br
GMT.Europe/London<br
Go to
GPPPO
GPPPO&amp
GPPPO/FAQ+Expansion+Module%3A
GPPPO:FAQ Maxwell
GPPPO/FAQ+Maxwell
GPPPO/Gigaset+PRO
GPPPO/Maxwell+Basic
GPPPO/Products
GPPPO?version
Green
Green<br
Green Tea
Green Tea.wav
Group
Group Common
Group Common Directory
Group Directory
Handset mode
Handsfree
Handsfree mode
HeaderDoorstation
HeaderExternal
HeaderGroup
HeaderInternal
HeaderOptional
Headset
Headset mode
Hide Call
Hide Call Divert from
Hide Call Divert menu
Hide Call waiting
Hide Contacts menu
Hide Selected Servicesmenu in
Hide the
Hierarchy
HipChatUserMapped,quick
HTTP.ConnectionType
HTTP_HTTPS
HTTP.Port
HTTPS
HTTP.SecurePort
HTTP source
HUN,ISL,IND,IDN,IRN,IRL,ISR,ITA,JPN,JOR,KWT,LVA,LBN,LIE,LTU,LUX
Hybird 120
Id=337019205
Id=385319489
Id=639271210
Id=928875540
IE=EDGE,chrome
If device
If reboot
If you
Inactive
In case
Incoming calls
Initial prefetch
InlineCommentCreateEvent,notification
InlineCommentReplyEvent,notification
InlineCommentResolveEvent,notification
INT,AUT,CAN,CZE,DNK,EGY,FIN,FRA,DEU,GRC,NLD,POL,PRT,ROU
Internal
IP.Account.0-3.AutoNegOfDTMFTransmission
IP address
It seems
It will
January
JIRA links
JIRA Projects\u0022
JIRA Project\u0022
JIRA\u0022
Jul 18
Keyboard Shortcuts
Key Click
Keys and
LAN<br
LAN Port
LDAP<br
Ldap Directory<br
LDAPs
Left SoftKey
LicenseExpiryBanner\u0022
LicenseType&lt
LikeCreatedEvent,notification
Link+Atlassian+applications
Linked Applications
Links=false
Link speed
Link=true
Listen
Listen.wav
List with
Loading
Loading&hellip
Local directory
Local Directory<br
Local Phonebook
Local+Phonebook
Local&quot
Log in
Mailbox
Main Menu
MaintenanceExpiryBanner\u0022
Manual Broadsoft BLF creation
March
Math.ceil
Maximum delay
MaxNumberOfSearchResults
Maxwell
Maxwell_all.png
Maxwell Basic
Memo.wav
Message Notification
Met\u0022
Minimum delay
Minimum time
Missed call
Missed calls
MKD,MYS,MEX,MNE,MAR,NAM,NLD,NZL,NOR,PAK,PSE,PAN,PRY,PER
MMI and
MMM dd
MMM yyyy
Monday
MWI displayed
MWI is
NameFilter
Name in
Name of
NATRefreshTimer
NetDir.LDAP
NetDir.Xml
NET.General.DeviceNameInNetwork
NET.HTTP.ProxyServer.Active
NET.HTTP.ProxyServer.Address
NET.HTTP.ProxyServer.Port
NET.IP.IPv4.Address
NET.IP.IPv4.AlternateDNSServer
NET.IP.IPv4.DHCP.Options.Disabled
NET.IP.IPv4.PreferredDNSServer
NET.IP.IPv4.StandardGateway
NET.IP.IPv4.SubnetMask
NET.LAN.IP.DHCP.Enabled
NET.LLDP.Active
NET.LLDP.PacketInterval
NET.QoS.RTP.DSCP
NET.QoS.SIP.DSCP
NetSrv.DoorStations
NetSrv.DoorStations.0-19.Name
NET.SwitchSettings.AllowFragmentation
NET.SwitchSettings.EnablePortMirroring
NET.VLAN.LAN.Identifier
NET.VLAN.LAN.Priority
NET.VLAN.PC.Identifier
NET.VLAN.PC.Priority
NET.VLAN.Tagging
Network
Network+and
NETWORK.SwitchSettings.LinkSpeedDuplexLanPort
NETWORK.SwitchSettings.LinkSpeedDuplexPcPort
Never
No access
No function
No Function
No labels
No&quot
Not in
November
November 2018
NTP server
NTPServiceDHCP
NTPServiceDisabled
NTPServiceEnabled
NTPServiceManual
Number
Number<br
NumberFilter
OAuthAuthenticationProvider\u0022
OAuth+security
OAuth+troubleshooting
OAuth\u0022
October
Off<br
Officebuffer
Officebuffer.wav
OnboardingLessUsersEvent,notification
OnboardingNoSpaceCreatedEvent,notification
Online Directories
Online Help
Online Services
Only expansion
Only maxwell
Only Maxwell
Only Valid for
Optimized for
Other,ALB,ARG,AUS,AUT,BHR,BLR,BEL,BOL,BIH,BRA,BGR,CAN,CHL
Others
Outgoing calls
Overview
Own codec
Pacific/Auckland<br
Pacific/Fiji<br
Pacific/Guam<br
Pacific/Honolulu<br
Pacific/Majuro<br
Pacific/Midway<br
Pacific/Tongatapu
PageCreatedEvent,notification
PageCreateEvent,notification
PageEditedEvent,previews
Page History
PageId
Page Information
PageInHierarchy
PageMovedEvent,notification
PageMoveEvent,notification
Pages
Page Title
Page tree
PageUpdateEvent,cql
PageVersions=149
PageVersions=150
Parameter is
Parameter name
Park and
Password
Password<br
PC Port
Peak.wav
PermissionsTable
Personal
Personal Data Protection
PHL,POL,PRT,PRI,ROU,RUS,SAU,SRB,SGP,SVK,SVN,ZAF,KOR,ESP,SWE
PhoneHome
PhoneMobile
PhoneNumber
Phonenumber where
PhoneOffice
Phone System
PhoneUI
Phone UI
PhoneUI.ActiveRingbacks.Disable
PhoneUI.Audio.HandsfreeVolume
PhoneUI.Audio.HeadsetVolume
PhoneUI.Audio.OneMelody.Doorstation
PhoneUI.Audio.OneMelody.External
PhoneUI.Audio.OneMelody.Group
PhoneUI.Audio.OneMelody.Internal
PhoneUI.Audio.OneMelody.Optional
PhoneUI.Audio.ReceiverVolume
PhoneUI.CallDivert.Disable
PhoneUI.CallWaiting.Disable
PhoneUI.Directory.Local.NameFirst
PhoneUI.Directory.Local.SearchAnywhere
PhoneUI.Keys.FunctionKeys
PhoneUI.Keys.FunctionKeys.Icons
PhoneUI.Keys.ProgrammableKeys.Conference.ActionURL
PhoneUI.Keys.ProgrammableKeys.Conference.DTMFCode
PhoneUI.Keys.ProgrammableKeys.Conference.FAC
PhoneUI.Keys.ProgrammableKeys.Conference.Type
PhoneUI.Keys.ProgrammableKeys.Directory.Type
PhoneUI.Keys.ProgrammableKeys.DND.ActionURL.disable
PhoneUI.Keys.ProgrammableKeys.DND.ActionURL.enable
PhoneUI.Keys.ProgrammableKeys.DND.FAC.disable
PhoneUI.Keys.ProgrammableKeys.DND.FAC.enable
PhoneUI.Keys.ProgrammableKeys.DND.Type
PhoneUI.Keys.ProgrammableKeys.Hold.ActionURL
PhoneUI.Keys.ProgrammableKeys.Hold.DTMFCode
PhoneUI.Keys.ProgrammableKeys.Hold.Type
PhoneUI.Keys.ProgrammableKeys.Messages.ActionURL.disable
PhoneUI.Keys.ProgrammableKeys.Messages.ActionURL.enable
PhoneUI.Keys.ProgrammableKeys.Messages.FAC.disable
PhoneUI.Keys.ProgrammableKeys.Messages.FAC.enable
PhoneUI.Keys.ProgrammableKeys.Messages.Type
PhoneUI.Keys.QuickDialKeys
PhoneUI.Keys.SoftKeys
PhoneUI.Menu.Contacts.Visible
PhoneUI.Provisioning.ShowInProgressOnDisplay
PhoneUI.Security.PIN
PhoneUI.SelectedServices.Disable
PhoneUI.Settings
PhoneUI.Settings.AnonymousCallSilencing
PhoneUI.Settings.Backlight
PhoneUI.Settings.BacklightTimeout
PhoneUI.Settings.ColorScheme.Basic
PhoneUI.Settings.ColorScheme.Tree
PhoneUI.Settings.Confirmations
PhoneUI.Settings.Contrast
PhoneUI.Settings.DistinctiveRinging
PhoneUI.Settings.KeyClick
PhoneUI.Settings.Language
PhoneUI.Settings.ScreenSaverHTTPSource
PhoneUI.Settings.ScreenSaverSelection
PhoneUI.Settings.ScreenSaverTimeout
PhoneUI.Settings.SelectedWallpapers
PhoneUI.Settings.Volume
PhoneUI.SIP.ClearSIPMessageWithBackKey
PhoneUI.SIP.ShowSIPMessagesOnDisplay
PhoneUI.WithholdNumber.Disable
Phone Web Server
Piano
Piano.wav
PictureRefreshTime
Pictures
Please check
Powered by
Printed by
PrivateDirectoryName
Products
Progress&quot
ProviderName
Provisioning and
Provisioning in
Provisioning+Parameter
PTR queries
Public net
Public Wiki
Public Wiki Home
Public+Wiki+Home
QuickDial
Quick Dial
Quick Dial<br
QuickDial<br
Quick Dial Keys
Quick Search
QYL3Fg
Random value
RDF xmlns
Reboot
Red<br
Redial<br
Reference Application\u0022
RefreshTimer
REGISTER 50
REGISTER 75
RegistrationServer.ReregisterAlternative
Release+Notes
Remote Control Source
Remove special
Report
RequestId
Resolved comments
ResultsGrid
ResultsGridCount
ResultsGridRow
Retrieve
Retrieve<span
RFC 4733
Right Softkey
Ringtones
RSS feed
RTP.Port+50
RTP.Port&gt
RTP ports
RTP stream
Saturday
ScreenSaver
Search
Section group
Security
See wiki
Select Line
Semi-attended
SendTaskEmailEvent,file
September
SER/Services+Home
ServerAddress
Server.Address
Server.Port
SERVICES
Set the
Setting
Settings
Set.wav
ShareAttachmentEvent,confluence
ShareContentEvent,notification
ShareCustomEvent,previews
Shared Line
Shared Line<span
ShareDraftEvent,notification
Show Active Ringbacks menu
Show all
Show Call Divert menu
Show Call waiting
Show Call Waiting menu
Show changes
Show Contacts menu
Show Function key
Show PIN No
Show PIN Yes
Show Selected Services menu
Show the
Show Withhold Number menu
Sim.wav
SingleBeep
SIP account
SIP.Account
SIP.Account.0-3.AccountName
SIP.Account.0-3.Active
SIP.Account.0-3.AuthName
SIP.Account.0-3.AuthPassword
SIP.Account.0-3.CallWaiting
SIP.Account.0-3.CallWaitingSignal
SIP.Account.0-3.CLIPSource
SIP.Account.0-3.CountMissedAcceptedCalls
SIP.Account.0-3.DisplayName
SIP.Account.0-3.DNSQuery
SIP.Account.0-3.Domain
SIP.Account.0-3.DTMFTransmission
SIP.Account.0-3.FailoverServer
SIP.Account.0-3.ICE
SIP.Account.0-3.OutboundProxy
SIP.Account.0-3.Provider
SIP.Account.0-3.ProxyServer
SIP.Account.0-3.RegistrationServer
SIP.Account.0-3.Ringtone
SIP.Account.0-3.STUN
SIP.Account.0-3.Username
SIP.Account.0-3.VoiceMail
SIP.Accounts.Failover
SIP.ActiveCodecs
SIP.ActiveCodecs&quot
SIP authentication
SIP.Checksync.Simple
SIP.DefaultAccount
SIP.DefaultRingtone
SIP.DisplayDiversionInfo.enable
SIP.G729.AnnexB
SIPID
SIP info
SIP Info
SIP INFO
SIP INFO<br
SIP.Multicast.Active<br
SIP.Notify.AcceptInvalidCSeq
SIP.Port
SIP.PRACK
SIP re
SIP.RTP.Duration
SIP.RTP.Port
SIP.RTP.UseRandomPorts
SIP.RTP.UseRTCP
SIP.RTP.UseSymmetricPorts
SIP scheme
SIP.Security.AcceptNonSRTPCalls
SIP.Security.SRTP
SIP.Security.UseSIPS
SIPS scheme
SIP.Timers.FailedRegistration
SIP.Timers.FailedSubscription
SIP.Timers.Session
SIP.Timers.Subscription
SIP.Timers.T1
SIP.TransportProtocol
SIP URI
SIP URL<br
SIP.VoiceQuality
SiteAdminUser&quot
Skip to
Smooth_G
Smooth_G.wav
Smototh
SoftKeys
Space
Space Details
Spaces
Space tools
SSL+and
Standard
Starface<br
Stash Projects\u0022
Stash Project\u0022
Stash\u0022
Static
Status-banner
Street
String
Subscribe for
Sunday
Surname
Switch off
Switch on
Switch Settings
SysDump
Syslog server
System
System.AllowHTTPOutgoing
System.DateAnd
System.DateAndTime.AutoAdjustClockForDST
System.DateAndTime.AutoAdjustTime<br
System.DateAndTime.DateOrder
System.DateAndTime.NTPDns
System.DateAndTime.TimeServer
System.DateAndTime.TimeZone
System.Events.ConnectionEstablished
System.Events.ConnectionTerminated
System.Events.IncomingCall
System.Events.OffHook
System.Events.OnHook
System.Events.OutgoingCall
System.Events.RegistrationFailed
System.Events.RegistrationSuccessed
System.General.RemoveUASpecialChars
System.LocalPhonebook.Name
System.LocalPhonebook.UpdateTime
System.LocalPhonebook.Url
System Logging
System.MainMenu.Content
System.Provision.MaxDownloadSpeedBps
System.Provision.Multicast.Allow
System.Provision.Period
System.Provision.ProvisioningServer
System.Security.AcceptAllCertificates
System.Security.HTTPAuthPassword
System.Security.HTTPAuthUsername
System.Security.RemoteControl.Allow
System.Security.RemoteControl.Source
System.Syslog.RemoteLogging.Enabled
System.Syslog.RemoteLogging.Port
System.Syslog.RemoteLogging.Server
Table
Target
Telephony
Telephony.AccessCode.Code
Telephony.AccessCode.Enabled
Telephony.AccessCode.For
Telephony.AccessCode.InternalNumberLength
Telephony.AreaCodes.Country
Telephony.AreaCodes.Int.Code
Telephony.AreaCodes.Int.Prefix
Telephony.AreaCodes.Local.Code
Telephony.AreaCodes.Local.Prefix
Telephony.CallBarring.List.0-19.Blocked
Telephony.CallBarring.List.0-19.Comment
Telephony.CallBarring.List.0-19.Number
Telephony.CallDivert.0-3.All
Telephony.CallDivert.0-3.Busy
Telephony.CallDivert.0-3.NoAnswer
Telephony.CallTransfer.AutoDetermineAddress
Telephony.CallTransfer.DeriveTargetAddress
Telephony.CallTransfer.HoldOnTransfer.Attended
Telephony.CallTransfer.HoldOnTransfer.Unattended
Telephony.CallTransfer.SemiAttendedTransferType
Telephony.DiallingPlans.List.0-19.Active
Telephony.DiallingPlans.List.0-19.Comment
Telephony.DiallingPlans.List.0-19.Connection
Telephony.DiallingPlans.List.0-19.Number
Telephony.DiallingPlans.List.0-19.UseAreaCode
Telephony.DnD.Active
Telephony.DnD.AnonymousCallBlock
Telephony.DnD.List.049
Telephony.DnD.List.0-49.Name
Telephony.DnD.List.Active
Telephony.PhoneSystem.BLFURL
Telephony.PhoneSystem.Broadsoft.ACD.Enabled
Telephony.PhoneSystem.Broadsoft.ACD.Status
Telephony.PhoneSystem.Broadsoft.BLF.AutomaticFKFilling.Enabled
Telephony.PhoneSystem.Broadsoft.BLF.CallPickupCode
Telephony.PhoneSystem.Type
Telephony.PhoneSystem.XSI.AuthName
Telephony.PhoneSystem.XSI.AuthPassword
Telephony.PhoneSystem.XSI.CallLogType
Telephony.PhoneSystem.XSI.EnterpriseCommonDirectory.Enabled
Telephony.PhoneSystem.XSI.EnterpriseCommonDirectory.Name
Telephony.PhoneSystem.XSI.EnterpriseDirectory.Enabled
Telephony.PhoneSystem.XSI.EnterpriseDirectory.Name
Telephony.PhoneSystem.XSI.GroupCommonDirectory.Enabled
Telephony.PhoneSystem.XSI.GroupCommonDirectory.Name
Telephony.PhoneSystem.XSI.GroupDirectory.Enabled
Telephony.PhoneSystem.XSI.GroupDirectory.Name
Telephony.PhoneSystem.XSI.PersonalDirectory.Enabled
Telephony.PhoneSystem.XSI.PersonalDirectory.Name
Telephony.PhoneSystem.XSI.SearchAnywhereInName.Enabled
Telephony.PhoneSystem.XSI.Server
Telephony.PhoneSystem.XSI.SIPAuthentication
Telephony.Speechpath.CallsViaCallManager
Telephony.Speechpath.IncCallsWithoutCallManager
Telephony.Speechpath.OutCallsViaFunctionKey
Telephony.ToneScheme
Telephony.VoiceMail.VoicemailMessages.Active
Teles
The codecs
Then the
There was
This parameter
Thursday
TimeFormat
TimeFormat12
Time in
Timeout
Timer
TLS is
TLS start
Tone one
Troubleshoot+application
Trusted Applications\u0022
TrustedAppsAuthenticationProvider\u0022
Tuesday
Twelve
Twelve.wav
TwoLeggedOAuthAuthenticationProvider\u0022
TwoLeggedOAuthWithImpersonationAuthenticationProvider\u0022
Type<br
UA-Compatible
UI/Web-UI
Unable to
Unrestricted
Until version
Update+application
Updated
Updated in
Url\u0022
Use DHCP option
Used when
Use failover
UserAdmin&quot
User defined
Username
V2.11
Valid for
Value
Value is
Value:max
Value:min
VANILLA
Vibe.wav
View Attachments
View available
View in
View Source
Violation=true
Visit the
Vodafone<br
Vodia
Voicemail
VoiceMail
VoiceMail should
Volume
Waiting menu
Waste
Waste.wav
Web Configurator
Web-interface
Web-UI
WEB-UI
WebUI.AdminPassword
WebUI.AllowAccessWeb
WebUI.CallDivert.Disable
WebUI.CallSettings.CallWaiting.Disable
WebUI.Language
WebUI.Logout
WebUI.ShowPassword
WebUI.ShowPIN
WebUI.UserPassword
Wednesday
When SoftKey is
White
WhiteDirectoryName
White on
Withhold Number
WRM._dataArrived
WRM._unparsedData
WRM._unparsedErrors
WRM=window
Xml Private<br
XML Private directory
Xml Public<br
XML white
XML yellow
Xml Yellow<br
XSI Group<br
XSI Group Common
XSI Password
XSI Personal<br
XSI Server URL
XSI username
XSI Username
Yellow<br
YellowDirectoryName
Yes&quot
You need
Your profile
ZAF,RUS,SAU,SVK,ESP,SWE,CHE,ARE,GBR,USA,ITA
